<?xml version="1.0" encoding="UTF-8"?>
<testsuite name="com.datastructures.MyBinaryTreeTest" tests="1" skipped="0" failures="0" errors="0" timestamp="2021-07-21T10:54:03" hostname="NIHARIKA" time="0.039">
  <properties/>
  <testcase name="given3Numbers_WhenAddedToBinaryTree_ShouldReturnSizeThree" classname="com.datastructures.MyBinaryTreeTest" time="0.039"/>
  <system-out><![CDATA[]]></system-out>
  <system-err><![CDATA[]]></system-err>
</testsuite>
